mktextfm ecrm1000
mktextfm eccc1000
mktextfm eccc1728
mktextfm eccc1440
mktextfm eccc1200
mktextfm ecrm2074
mktextfm ecbx2074
mktextfm ecrm1200
mktextfm ecti1200
mktextfm ecbx1000
mktextfm ecrm2488
mktextfm ecbx2488
mktextfm ecrm1440
mktextfm ecbx1440
mktextfm ecrm0900
mktextfm ecbx1200
mktextfm ectt1000
mktextfm ecrm0500
mktextfm ecrm0700
mktextfm ectt0800
mktextfm ectt0800
mktextfm ecti1000
mktextfm ecrm1000
mktextfm eccc1000
mktextfm eccc1728
mktextfm eccc1440
mktextfm eccc1200
mktextfm ecrm2074
mktextfm ecbx2074
mktextfm ecrm1200
mktextfm ecti1200
mktextfm ecbx1000
mktextfm ecrm2488
mktextfm ecbx2488
mktextfm ecrm1440
mktextfm ecbx1440
mktextfm ecrm0900
mktextfm ecbx1200
mktextfm ectt1000
mktextfm ecrm0500
mktextfm ecti1000
